Traceback (most recent call last):
  File "/Users/nmearl/miniforge3/lib/python3.9/site-packages/jupyter_cache/executors/utils.py", line 51, in single_nb_execution
    executenb(
  File "/Users/nmearl/miniforge3/lib/python3.9/site-packages/nbclient/client.py", line 1204, in execute
    return NotebookClient(nb=nb, resources=resources, km=km, **kwargs).execute()
  File "/Users/nmearl/miniforge3/lib/python3.9/site-packages/nbclient/util.py", line 84, in wrapped
    return just_run(coro(*args, **kwargs))
  File "/Users/nmearl/miniforge3/lib/python3.9/site-packages/nbclient/util.py", line 62, in just_run
    return loop.run_until_complete(coro)
  File "/Users/nmearl/miniforge3/lib/python3.9/asyncio/base_events.py", line 647, in run_until_complete
    return future.result()
  File "/Users/nmearl/miniforge3/lib/python3.9/site-packages/nbclient/client.py", line 663, in async_execute
    await self.async_execute_cell(
  File "/Users/nmearl/miniforge3/lib/python3.9/site-packages/nbclient/client.py", line 965, in async_execute_cell
    await self._check_raise_for_error(cell, cell_index, exec_reply)
  File "/Users/nmearl/miniforge3/lib/python3.9/site-packages/nbclient/client.py", line 862, in _check_raise_for_error
    raise CellExecutionError.from_cell_and_msg(cell, exec_reply_content)
nbclient.exceptions.CellExecutionError: An error occurred while executing the following cell:
------------------
from astropy.table import Table

kepler_435b_tab = Table.read("./static/KIC_7529266.tbl")
------------------

[0;31m---------------------------------------------------------------------------[0m
[0;31mIORegistryError[0m                           Traceback (most recent call last)
Input [0;32mIn [1][0m, in [0;36m<cell line: 3>[0;34m()[0m
[1;32m      1[0m [38;5;28;01mfrom[39;00m [38;5;21;01mastropy[39;00m[38;5;21;01m.[39;00m[38;5;21;01mtable[39;00m [38;5;28;01mimport[39;00m Table
[0;32m----> 3[0m kepler_435b_tab [38;5;241m=[39m [43mTable[49m[38;5;241;43m.[39;49m[43mread[49m[43m([49m[38;5;124;43m"[39;49m[38;5;124;43m./static/KIC_7529266.tbl[39;49m[38;5;124;43m"[39;49m[43m)[49m

File [0;32m~/miniforge3/lib/python3.9/site-packages/astropy/table/connect.py:62[0m, in [0;36mTableRead.__call__[0;34m(self, *args, **kwargs)[0m
[1;32m     59[0m units [38;5;241m=[39m kwargs[38;5;241m.[39mpop([38;5;124m'[39m[38;5;124munits[39m[38;5;124m'[39m, [38;5;28;01mNone[39;00m)
[1;32m     60[0m descriptions [38;5;241m=[39m kwargs[38;5;241m.[39mpop([38;5;124m'[39m[38;5;124mdescriptions[39m[38;5;124m'[39m, [38;5;28;01mNone[39;00m)
[0;32m---> 62[0m out [38;5;241m=[39m [38;5;28;43mself[39;49m[38;5;241;43m.[39;49m[43mregistry[49m[38;5;241;43m.[39;49m[43mread[49m[43m([49m[38;5;28;43mcls[39;49m[43m,[49m[43m [49m[38;5;241;43m*[39;49m[43margs[49m[43m,[49m[43m [49m[38;5;241;43m*[39;49m[38;5;241;43m*[39;49m[43mkwargs[49m[43m)[49m
[1;32m     64[0m [38;5;66;03m# For some readers (e.g., ascii.ecsv), the returned `out` class is not[39;00m
[1;32m     65[0m [38;5;66;03m# guaranteed to be the same as the desired output `cls`.  If so,[39;00m
[1;32m     66[0m [38;5;66;03m# try coercing to desired class without copying (io.registry.read[39;00m
[1;32m     67[0m [38;5;66;03m# would normally do a copy).  The normal case here is swapping[39;00m
[1;32m     68[0m [38;5;66;03m# Table <=> QTable.[39;00m
[1;32m     69[0m [38;5;28;01mif[39;00m [38;5;28mcls[39m [38;5;129;01mis[39;00m [38;5;129;01mnot[39;00m out[38;5;241m.[39m[38;5;18m__class__[39m:

File [0;32m~/miniforge3/lib/python3.9/site-packages/astropy/io/registry/core.py:208[0m, in [0;36mUnifiedInputRegistry.read[0;34m(self, cls, format, cache, *args, **kwargs)[0m
[1;32m    205[0m             path [38;5;241m=[39m [38;5;28;01mNone[39;00m
[1;32m    206[0m             fileobj [38;5;241m=[39m args[[38;5;241m0[39m]
[0;32m--> 208[0m     [38;5;28mformat[39m [38;5;241m=[39m [38;5;28;43mself[39;49m[38;5;241;43m.[39;49m[43m_get_valid_format[49m[43m([49m
[1;32m    209[0m [43m        [49m[38;5;124;43m'[39;49m[38;5;124;43mread[39;49m[38;5;124;43m'[39;49m[43m,[49m[43m [49m[38;5;28;43mcls[39;49m[43m,[49m[43m [49m[43mpath[49m[43m,[49m[43m [49m[43mfileobj[49m[43m,[49m[43m [49m[43margs[49m[43m,[49m[43m [49m[43mkwargs[49m[43m)[49m
[1;32m    211[0m reader [38;5;241m=[39m [38;5;28mself[39m[38;5;241m.[39mget_reader([38;5;28mformat[39m, [38;5;28mcls[39m)
[1;32m    212[0m data [38;5;241m=[39m reader([38;5;241m*[39margs, [38;5;241m*[39m[38;5;241m*[39mkwargs)

File [0;32m~/miniforge3/lib/python3.9/site-packages/astropy/io/registry/base.py:337[0m, in [0;36m_UnifiedIORegistryBase._get_valid_format[0;34m(self, mode, cls, path, fileobj, args, kwargs)[0m
[1;32m    335[0m [38;5;28;01mif[39;00m [38;5;28mlen[39m(valid_formats) [38;5;241m==[39m [38;5;241m0[39m:
[1;32m    336[0m     format_table_str [38;5;241m=[39m [38;5;28mself[39m[38;5;241m.[39m_get_format_table_str([38;5;28mcls[39m, mode[38;5;241m.[39mcapitalize())
[0;32m--> 337[0m     [38;5;28;01mraise[39;00m IORegistryError([38;5;124m"[39m[38;5;124mFormat could not be identified based on the[39m[38;5;124m"[39m
[1;32m    338[0m                           [38;5;124m"[39m[38;5;124m file name or contents, please provide a[39m[38;5;124m"[39m
[1;32m    339[0m                           [38;5;124m"[39m[38;5;124m [39m[38;5;124m'[39m[38;5;124mformat[39m[38;5;124m'[39m[38;5;124m argument.[39m[38;5;130;01m\n[39;00m[38;5;124m"[39m
[1;32m    340[0m                           [38;5;124m"[39m[38;5;124mThe available formats are:[39m[38;5;130;01m\n[39;00m[38;5;124m"[39m
[1;32m    341[0m                           [38;5;124m"[39m[38;5;132;01m{}[39;00m[38;5;124m"[39m[38;5;241m.[39mformat(format_table_str))
[1;32m    342[0m [38;5;28;01melif[39;00m [38;5;28mlen[39m(valid_formats) [38;5;241m>[39m [38;5;241m1[39m:
[1;32m    343[0m     [38;5;28;01mreturn[39;00m [38;5;28mself[39m[38;5;241m.[39m_get_highest_priority_format(mode, [38;5;28mcls[39m, valid_formats)

[0;31mIORegistryError[0m: Format could not be identified based on the file name or contents, please provide a 'format' argument.
The available formats are:
           Format           Read Write Auto-identify Deprecated
--------------------------- ---- ----- ------------- ----------
                      ascii  Yes   Yes            No           
               ascii.aastex  Yes   Yes            No           
                ascii.basic  Yes   Yes            No           
                  ascii.cds  Yes    No            No           
     ascii.commented_header  Yes   Yes            No           
                  ascii.csv  Yes   Yes           Yes           
              ascii.daophot  Yes    No            No           
                 ascii.ecsv  Yes   Yes           Yes           
           ascii.fast_basic  Yes   Yes            No           
ascii.fast_commented_header  Yes   Yes            No           
             ascii.fast_csv  Yes   Yes            No           
       ascii.fast_no_header  Yes   Yes            No           
             ascii.fast_rdb  Yes   Yes            No           
             ascii.fast_tab  Yes   Yes            No           
          ascii.fixed_width  Yes   Yes            No           
ascii.fixed_width_no_header  Yes   Yes            No           
 ascii.fixed_width_two_line  Yes   Yes            No           
                 ascii.html  Yes   Yes           Yes           
                 ascii.ipac  Yes   Yes            No           
                ascii.latex  Yes   Yes           Yes           
                  ascii.mrt  Yes   Yes            No           
            ascii.no_header  Yes   Yes            No           
                  ascii.qdp  Yes   Yes           Yes           
                  ascii.rdb  Yes   Yes           Yes           
                  ascii.rst  Yes   Yes            No           
           ascii.sextractor  Yes    No            No           
                  ascii.tab  Yes   Yes            No           
                       asdf  Yes   Yes           Yes           
                       fits  Yes   Yes           Yes           
                       hdf5  Yes   Yes           Yes           
                 pandas.csv  Yes   Yes            No           
                 pandas.fwf  Yes    No            No           
                pandas.html  Yes   Yes            No           
                pandas.json  Yes   Yes            No           
                    parquet  Yes   Yes           Yes           
                    votable  Yes   Yes           Yes           
                     aastex  Yes   Yes            No        Yes
                        cds  Yes    No            No        Yes
                        csv  Yes   Yes            No        Yes
                    daophot  Yes    No            No        Yes
                       html  Yes   Yes            No        Yes
                       ipac  Yes   Yes            No        Yes
                      latex  Yes   Yes            No        Yes
                        mrt  Yes   Yes            No        Yes
                        rdb  Yes   Yes            No        Yes
IORegistryError: Format could not be identified based on the file name or contents, please provide a 'format' argument.
The available formats are:
           Format           Read Write Auto-identify Deprecated
--------------------------- ---- ----- ------------- ----------
                      ascii  Yes   Yes            No           
               ascii.aastex  Yes   Yes            No           
                ascii.basic  Yes   Yes            No           
                  ascii.cds  Yes    No            No           
     ascii.commented_header  Yes   Yes            No           
                  ascii.csv  Yes   Yes           Yes           
              ascii.daophot  Yes    No            No           
                 ascii.ecsv  Yes   Yes           Yes           
           ascii.fast_basic  Yes   Yes            No           
ascii.fast_commented_header  Yes   Yes            No           
             ascii.fast_csv  Yes   Yes            No           
       ascii.fast_no_header  Yes   Yes            No           
             ascii.fast_rdb  Yes   Yes            No           
             ascii.fast_tab  Yes   Yes            No           
          ascii.fixed_width  Yes   Yes            No           
ascii.fixed_width_no_header  Yes   Yes            No           
 ascii.fixed_width_two_line  Yes   Yes            No           
                 ascii.html  Yes   Yes           Yes           
                 ascii.ipac  Yes   Yes            No           
                ascii.latex  Yes   Yes           Yes           
                  ascii.mrt  Yes   Yes            No           
            ascii.no_header  Yes   Yes            No           
                  ascii.qdp  Yes   Yes           Yes           
                  ascii.rdb  Yes   Yes           Yes           
                  ascii.rst  Yes   Yes            No           
           ascii.sextractor  Yes    No            No           
                  ascii.tab  Yes   Yes            No           
                       asdf  Yes   Yes           Yes           
                       fits  Yes   Yes           Yes           
                       hdf5  Yes   Yes           Yes           
                 pandas.csv  Yes   Yes            No           
                 pandas.fwf  Yes    No            No           
                pandas.html  Yes   Yes            No           
                pandas.json  Yes   Yes            No           
                    parquet  Yes   Yes           Yes           
                    votable  Yes   Yes           Yes           
                     aastex  Yes   Yes            No        Yes
                        cds  Yes    No            No        Yes
                        csv  Yes   Yes            No        Yes
                    daophot  Yes    No            No        Yes
                       html  Yes   Yes            No        Yes
                       ipac  Yes   Yes            No        Yes
                      latex  Yes   Yes            No        Yes
                        mrt  Yes   Yes            No        Yes
                        rdb  Yes   Yes            No        Yes

