Traceback (most recent call last):
  File "/Users/nmearl/miniforge3/lib/python3.9/site-packages/jupyter_cache/executors/utils.py", line 51, in single_nb_execution
    executenb(
  File "/Users/nmearl/miniforge3/lib/python3.9/site-packages/nbclient/client.py", line 1204, in execute
    return NotebookClient(nb=nb, resources=resources, km=km, **kwargs).execute()
  File "/Users/nmearl/miniforge3/lib/python3.9/site-packages/nbclient/util.py", line 84, in wrapped
    return just_run(coro(*args, **kwargs))
  File "/Users/nmearl/miniforge3/lib/python3.9/site-packages/nbclient/util.py", line 62, in just_run
    return loop.run_until_complete(coro)
  File "/Users/nmearl/miniforge3/lib/python3.9/asyncio/base_events.py", line 647, in run_until_complete
    return future.result()
  File "/Users/nmearl/miniforge3/lib/python3.9/site-packages/nbclient/client.py", line 663, in async_execute
    await self.async_execute_cell(
  File "/Users/nmearl/miniforge3/lib/python3.9/site-packages/nbclient/client.py", line 965, in async_execute_cell
    await self._check_raise_for_error(cell, cell_index, exec_reply)
  File "/Users/nmearl/miniforge3/lib/python3.9/site-packages/nbclient/client.py", line 862, in _check_raise_for_error
    raise CellExecutionError.from_cell_and_msg(cell, exec_reply_content)
nbclient.exceptions.CellExecutionError: An error occurred while executing the following cell:
------------------
import matplotlib.pyplot as plt

times = np.linspace(0, 10, 1000)
fluxes = np.ones(len(times))

measurements = square_dip(times, fluxes, 3, 3)

f, ax = plt.subplots(dpi=150)

ax.plot(times, measurements, marker='o', color='k')
ax.set_xlabel("Time [day]")
ax.set_ylabel("Change in Brightness")
------------------

[0;31m---------------------------------------------------------------------------[0m
[0;31mTypeError[0m                                 Traceback (most recent call last)
Input [0;32mIn [2][0m, in [0;36m<cell line: 6>[0;34m()[0m
[1;32m      3[0m times [38;5;241m=[39m np[38;5;241m.[39mlinspace([38;5;241m0[39m, [38;5;241m10[39m, [38;5;241m1000[39m)
[1;32m      4[0m fluxes [38;5;241m=[39m np[38;5;241m.[39mones([38;5;28mlen[39m(times))
[0;32m----> 6[0m measurements [38;5;241m=[39m [43msquare_dip[49m[43m([49m[43mtimes[49m[43m,[49m[43m [49m[43mfluxes[49m[43m,[49m[43m [49m[38;5;241;43m3[39;49m[43m,[49m[43m [49m[38;5;241;43m3[39;49m[43m)[49m
[1;32m      8[0m f, ax [38;5;241m=[39m plt[38;5;241m.[39msubplots(dpi[38;5;241m=[39m[38;5;241m150[39m)
[1;32m     10[0m ax[38;5;241m.[39mplot(times, measurements, marker[38;5;241m=[39m[38;5;124m'[39m[38;5;124mo[39m[38;5;124m'[39m, color[38;5;241m=[39m[38;5;124m'[39m[38;5;124mk[39m[38;5;124m'[39m)

Input [0;32mIn [1][0m, in [0;36msquare_dip[0;34m(times, fluxes, planet_radius, period)[0m
[1;32m     60[0m [38;5;66;03m# If our time is during a transit, add the transit depth. However, if there[39;00m
[1;32m     61[0m [38;5;66;03m# are multiple planets, only take the deepest transit depth.[39;00m
[1;32m     62[0m [38;5;28;01mif[39;00m transit_start [38;5;241m<[39m t [38;5;241m<[39m transit_end:
[0;32m---> 63[0m     fluxes[i] [38;5;241m=[39m [43mnp[49m[38;5;241;43m.[39;49m[43mmin[49m[43m([49m[43mtransit_depth[49m[43m,[49m[43m [49m[43mfluxes[49m[43m[[49m[43mi[49m[43m][49m[43m)[49m
[1;32m     65[0m [38;5;66;03m# If we haven't yet reached the transit, just add 1.0[39;00m
[1;32m     66[0m [38;5;28;01melif[39;00m t [38;5;241m<[39m transit_start:

File [0;32m<__array_function__ internals>:180[0m, in [0;36mamin[0;34m(*args, **kwargs)[0m

File [0;32m~/miniforge3/lib/python3.9/site-packages/numpy/core/fromnumeric.py:2918[0m, in [0;36mamin[0;34m(a, axis, out, keepdims, initial, where)[0m
[1;32m   2802[0m [38;5;129m@array_function_dispatch[39m(_amin_dispatcher)
[1;32m   2803[0m [38;5;28;01mdef[39;00m [38;5;21mamin[39m(a, axis[38;5;241m=[39m[38;5;28;01mNone[39;00m, out[38;5;241m=[39m[38;5;28;01mNone[39;00m, keepdims[38;5;241m=[39mnp[38;5;241m.[39m_NoValue, initial[38;5;241m=[39mnp[38;5;241m.[39m_NoValue,
[1;32m   2804[0m          where[38;5;241m=[39mnp[38;5;241m.[39m_NoValue):
[1;32m   2805[0m     [38;5;124;03m"""[39;00m
[1;32m   2806[0m [38;5;124;03m    Return the minimum of an array or minimum along an axis.[39;00m
[1;32m   2807[0m 
[0;32m   (...)[0m
[1;32m   2916[0m [38;5;124;03m    6[39;00m
[1;32m   2917[0m [38;5;124;03m    """[39;00m
[0;32m-> 2918[0m     [38;5;28;01mreturn[39;00m [43m_wrapreduction[49m[43m([49m[43ma[49m[43m,[49m[43m [49m[43mnp[49m[38;5;241;43m.[39;49m[43mminimum[49m[43m,[49m[43m [49m[38;5;124;43m'[39;49m[38;5;124;43mmin[39;49m[38;5;124;43m'[39;49m[43m,[49m[43m [49m[43maxis[49m[43m,[49m[43m [49m[38;5;28;43;01mNone[39;49;00m[43m,[49m[43m [49m[43mout[49m[43m,[49m
[1;32m   2919[0m [43m                          [49m[43mkeepdims[49m[38;5;241;43m=[39;49m[43mkeepdims[49m[43m,[49m[43m [49m[43minitial[49m[38;5;241;43m=[39;49m[43minitial[49m[43m,[49m[43m [49m[43mwhere[49m[38;5;241;43m=[39;49m[43mwhere[49m[43m)[49m

File [0;32m~/miniforge3/lib/python3.9/site-packages/numpy/core/fromnumeric.py:86[0m, in [0;36m_wrapreduction[0;34m(obj, ufunc, method, axis, dtype, out, **kwargs)[0m
[1;32m     83[0m         [38;5;28;01melse[39;00m:
[1;32m     84[0m             [38;5;28;01mreturn[39;00m reduction(axis[38;5;241m=[39maxis, out[38;5;241m=[39mout, [38;5;241m*[39m[38;5;241m*[39mpasskwargs)
[0;32m---> 86[0m [38;5;28;01mreturn[39;00m [43mufunc[49m[38;5;241;43m.[39;49m[43mreduce[49m[43m([49m[43mobj[49m[43m,[49m[43m [49m[43maxis[49m[43m,[49m[43m [49m[43mdtype[49m[43m,[49m[43m [49m[43mout[49m[43m,[49m[43m [49m[38;5;241;43m*[39;49m[38;5;241;43m*[39;49m[43mpasskwargs[49m[43m)[49m

[0;31mTypeError[0m: 'numpy.float64' object cannot be interpreted as an integer
TypeError: 'numpy.float64' object cannot be interpreted as an integer

